This file contains any messages produced by compilers while
running configure, to aid debugging if configure makes a mistake.

It was created by sgp4 configure 1.0, which was
generated by GNU Autoconf 2.69.  Invocation command line was

  $ ./configure --no-create --no-recursion

## --------- ##
## Platform. ##
## --------- ##

hostname = RELAY
uname -m = i686
uname -r = 3.5.0-17-generic
uname -s = Linux
uname -v = #28-Ubuntu SMP Tue Oct 9 19:32:08 UTC 2012

/usr/bin/uname -p = unknown
/bin/uname -X     = unknown

/bin/arch              = unknown
/usr/bin/arch -k       = unknown
/usr/convex/getsysinfo = unknown
/usr/bin/hostinfo      = unknown
/bin/machine           = unknown
/usr/bin/oslevel       = unknown
/bin/universe          = unknown

PATH: /usr/local/sbin
PATH: /usr/local/bin
PATH: /usr/sbin
PATH: /usr/bin
PATH: /sbin
PATH: /bin
PATH: /usr/games
PATH: /usr/local/games


## ----------- ##
## Core tests. ##
## ----------- ##

configure:1930: checking for a BSD-compatible install
configure:1998: result: /usr/bin/install -c
configure:2009: checking whether build environment is sane
configure:2059: result: yes
configure:2200: checking for a thread-safe mkdir -p
configure:2239: result: /bin/mkdir -p
configure:2252: checking for gawk
configure:2268: found /usr/bin/gawk
configure:2279: result: gawk
configure:2290: checking whether make sets $(MAKE)
configure:2312: result: yes
configure:2403: checking whether make supports nested variables
configure:2420: result: yes
configure:2480: checking for ranlib
configure:2496: found /usr/bin/ranlib
configure:2507: result: ranlib
configure:2587: checking for g++
configure:2603: found /usr/bin/g++
configure:2614: result: g++
configure:2641: checking for C++ compiler version
configure:2650: g++ --version >&5
g++ (Ubuntu/Linaro 4.7.2-2ubuntu1) 4.7.2
Copyright (C) 2012 Free Software Foundation, Inc.
This is free software; see the source for copying conditions.  There is NO
warranty; not even for MERCHANTABILITY or FITNESS FOR A PARTICULAR PURPOSE.

configure:2661: $? = 0
configure:2650: g++ -v >&5
Using built-in specs.
COLLECT_GCC=g++
COLLECT_LTO_WRAPPER=/usr/lib/gcc/i686-linux-gnu/4.7/lto-wrapper
Target: i686-linux-gnu
Configured with: ../src/configure -v --with-pkgversion='Ubuntu/Linaro 4.7.2-2ubuntu1' --with-bugurl=file:///usr/share/doc/gcc-4.7/README.Bugs --enable-languages=c,c++,go,fortran,objc,obj-c++ --prefix=/usr --program-suffix=-4.7 --enable-shared --enable-linker-build-id --with-system-zlib --libexecdir=/usr/lib --without-included-gettext --enable-threads=posix --with-gxx-include-dir=/usr/include/c++/4.7 --libdir=/usr/lib --enable-nls --with-sysroot=/ --enable-clocale=gnu --enable-libstdcxx-debug --enable-libstdcxx-time=yes --enable-gnu-unique-object --enable-plugin --enable-objc-gc --enable-targets=all --disable-werror --with-arch-32=i686 --with-tune=generic --enable-checking=release --build=i686-linux-gnu --host=i686-linux-gnu --target=i686-linux-gnu
Thread model: posix
gcc version 4.7.2 (Ubuntu/Linaro 4.7.2-2ubuntu1) 
configure:2661: $? = 0
configure:2650: g++ -V >&5
g++: error: unrecognized command line option '-V'
g++: fatal error: no input files
compilation terminated.
configure:2661: $? = 4
configure:2650: g++ -qversion >&5
g++: error: unrecognized command line option '-qversion'
g++: fatal error: no input files
compilation terminated.
configure:2661: $? = 4
configure:2681: checking whether the C++ compiler works
configure:2703: g++     conftest.cpp  >&5
configure:2707: $? = 0
configure:2755: result: yes
configure:2758: checking for C++ compiler default output file name
configure:2760: result: a.out
configure:2766: checking for suffix of executables
configure:2773: g++ -o conftest     conftest.cpp  >&5
configure:2777: $? = 0
configure:2799: result: 
configure:2821: checking whether we are cross compiling
configure:2829: g++ -o conftest     conftest.cpp  >&5
configure:2833: $? = 0
configure:2840: ./conftest
configure:2844: $? = 0
configure:2859: result: no
configure:2864: checking for suffix of object files
configure:2886: g++ -c    conftest.cpp >&5
configure:2890: $? = 0
configure:2911: result: o
configure:2915: checking whether we are using the GNU C++ compiler
configure:2934: g++ -c    conftest.cpp >&5
configure:2934: $? = 0
configure:2943: result: yes
configure:2952: checking whether g++ accepts -g
configure:2972: g++ -c -g  conftest.cpp >&5
configure:2972: $? = 0
configure:3013: result: yes
configure:3047: checking for style of include used by make
configure:3075: result: GNU
configure:3101: checking dependency style of g++
configure:3212: result: gcc3
configure:3290: checking for gcc
configure:3306: found /usr/bin/gcc
configure:3317: result: gcc
configure:3546: checking for C compiler version
configure:3555: gcc --version >&5
gcc (Ubuntu/Linaro 4.7.2-2ubuntu1) 4.7.2
Copyright (C) 2012 Free Software Foundation, Inc.
This is free software; see the source for copying conditions.  There is NO
warranty; not even for MERCHANTABILITY or FITNESS FOR A PARTICULAR PURPOSE.

configure:3566: $? = 0
configure:3555: gcc -v >&5
Using built-in specs.
COLLECT_GCC=gcc
COLLECT_LTO_WRAPPER=/usr/lib/gcc/i686-linux-gnu/4.7/lto-wrapper
Target: i686-linux-gnu
Configured with: ../src/configure -v --with-pkgversion='Ubuntu/Linaro 4.7.2-2ubuntu1' --with-bugurl=file:///usr/share/doc/gcc-4.7/README.Bugs --enable-languages=c,c++,go,fortran,objc,obj-c++ --prefix=/usr --program-suffix=-4.7 --enable-shared --enable-linker-build-id --with-system-zlib --libexecdir=/usr/lib --without-included-gettext --enable-threads=posix --with-gxx-include-dir=/usr/include/c++/4.7 --libdir=/usr/lib --enable-nls --with-sysroot=/ --enable-clocale=gnu --enable-libstdcxx-debug --enable-libstdcxx-time=yes --enable-gnu-unique-object --enable-plugin --enable-objc-gc --enable-targets=all --disable-werror --with-arch-32=i686 --with-tune=generic --enable-checking=release --build=i686-linux-gnu --host=i686-linux-gnu --target=i686-linux-gnu
Thread model: posix
gcc version 4.7.2 (Ubuntu/Linaro 4.7.2-2ubuntu1) 
configure:3566: $? = 0
configure:3555: gcc -V >&5
gcc: error: unrecognized command line option '-V'
gcc: fatal error: no input files
compilation terminated.
configure:3566: $? = 4
configure:3555: gcc -qversion >&5
gcc: error: unrecognized command line option '-qversion'
gcc: fatal error: no input files
compilation terminated.
configure:3566: $? = 4
configure:3570: checking whether we are using the GNU C compiler
configure:3589: gcc -c    conftest.c >&5
configure:3589: $? = 0
configure:3598: result: yes
configure:3607: checking whether gcc accepts -g
configure:3627: gcc -c -g  conftest.c >&5
configure:3627: $? = 0
configure:3668: result: yes
configure:3685: checking for gcc option to accept ISO C89
configure:3748: gcc  -c    conftest.c >&5
configure:3748: $? = 0
configure:3761: result: none needed
configure:3783: checking dependency style of gcc
configure:3894: result: gcc3
configure:3910: checking for library containing clock_gettime
configure:3941: gcc -o conftest     conftest.c  >&5
/tmp/cccPzhFt.o: In function `main':
conftest.c:(.text+0x7): undefined reference to `clock_gettime'
collect2: error: ld returned 1 exit status
configure:3941: $? = 1
configure: failed program was:
| /* confdefs.h */
| #define PACKAGE_NAME "sgp4"
| #define PACKAGE_TARNAME "sgp4"
| #define PACKAGE_VERSION "1.0"
| #define PACKAGE_STRING "sgp4 1.0"
| #define PACKAGE_BUGREPORT "info@danrw.com"
| #define PACKAGE_URL ""
| #define PACKAGE "sgp4"
| #define VERSION "1.0"
| /* end confdefs.h.  */
| 
| /* Override any GCC internal prototype to avoid an error.
|    Use char because int might match the return type of a GCC
|    builtin and then its argument prototype would still apply.  */
| #ifdef __cplusplus
| extern "C"
| #endif
| char clock_gettime ();
| int
| main ()
| {
| return clock_gettime ();
|   ;
|   return 0;
| }
configure:3941: gcc -o conftest     conftest.c -lrt   >&5
configure:3941: $? = 0
configure:3958: result: -lrt
configure:4144: creating ./config.status

## ---------------- ##
## Cache variables. ##
## ---------------- ##

ac_cv_c_compiler_gnu=yes
ac_cv_cxx_compiler_gnu=yes
ac_cv_env_CCC_set=
ac_cv_env_CCC_value=
ac_cv_env_CC_set=
ac_cv_env_CC_value=
ac_cv_env_CFLAGS_set=
ac_cv_env_CFLAGS_value=
ac_cv_env_CPPFLAGS_set=
ac_cv_env_CPPFLAGS_value=
ac_cv_env_CXXFLAGS_set=
ac_cv_env_CXXFLAGS_value=
ac_cv_env_CXX_set=
ac_cv_env_CXX_value=
ac_cv_env_LDFLAGS_set=
ac_cv_env_LDFLAGS_value=
ac_cv_env_LIBS_set=
ac_cv_env_LIBS_value=
ac_cv_env_build_alias_set=
ac_cv_env_build_alias_value=
ac_cv_env_host_alias_set=
ac_cv_env_host_alias_value=
ac_cv_env_target_alias_set=
ac_cv_env_target_alias_value=
ac_cv_objext=o
ac_cv_path_install='/usr/bin/install -c'
ac_cv_path_mkdir=/bin/mkdir
ac_cv_prog_AWK=gawk
ac_cv_prog_ac_ct_CC=gcc
ac_cv_prog_ac_ct_CXX=g++
ac_cv_prog_ac_ct_RANLIB=ranlib
ac_cv_prog_cc_c89=
ac_cv_prog_cc_g=yes
ac_cv_prog_cxx_g=yes
ac_cv_prog_make_make_set=yes
ac_cv_search_clock_gettime=-lrt
am_cv_CC_dependencies_compiler_type=gcc3
am_cv_CXX_dependencies_compiler_type=gcc3
am_cv_make_support_nested_variables=yes

## ----------------- ##
## Output variables. ##
## ----------------- ##

ACLOCAL='${SHELL} /home/anoved/Documents/Ground-Track-Generator/Libraries/sgp4-94c5f78b9e40/missing --run aclocal-1.11'
AMDEPBACKSLASH='\'
AMDEP_FALSE='#'
AMDEP_TRUE=''
AMTAR='$${TAR-tar}'
AM_BACKSLASH='\'
AM_CXXFLAGS='-DNDEBUG -O2 -fomit-frame-pointer -Wextra -Werror -W -Wall -Wconversion'
AM_DEFAULT_V='$(AM_DEFAULT_VERBOSITY)'
AM_DEFAULT_VERBOSITY='0'
AM_V='$(V)'
AUTOCONF='${SHELL} /home/anoved/Documents/Ground-Track-Generator/Libraries/sgp4-94c5f78b9e40/missing --run autoconf'
AUTOHEADER='${SHELL} /home/anoved/Documents/Ground-Track-Generator/Libraries/sgp4-94c5f78b9e40/missing --run autoheader'
AUTOMAKE='${SHELL} /home/anoved/Documents/Ground-Track-Generator/Libraries/sgp4-94c5f78b9e40/missing --run automake-1.11'
AWK='gawk'
CC='gcc'
CCDEPMODE='depmode=gcc3'
CFLAGS=' '
CPPFLAGS=''
CXX='g++'
CXXDEPMODE='depmode=gcc3'
CXXFLAGS=' '
CYGPATH_W='echo'
DEFS='-DPACKAGE_NAME=\"sgp4\" -DPACKAGE_TARNAME=\"sgp4\" -DPACKAGE_VERSION=\"1.0\" -DPACKAGE_STRING=\"sgp4\ 1.0\" -DPACKAGE_BUGREPORT=\"info@danrw.com\" -DPACKAGE_URL=\"\" -DPACKAGE=\"sgp4\" -DVERSION=\"1.0\" -DHAVE_CLOCK_GETTIME=1'
DEPDIR='.deps'
ECHO_C=''
ECHO_N='-n'
ECHO_T=''
EXEEXT=''
INSTALL_DATA='${INSTALL} -m 644'
INSTALL_PROGRAM='${INSTALL}'
INSTALL_SCRIPT='${INSTALL}'
INSTALL_STRIP_PROGRAM='$(install_sh) -c -s'
LDFLAGS=''
LIBOBJS=''
LIBS='-lrt '
LTLIBOBJS=''
MAKEINFO='${SHELL} /home/anoved/Documents/Ground-Track-Generator/Libraries/sgp4-94c5f78b9e40/missing --run makeinfo'
MKDIR_P='/bin/mkdir -p'
OBJEXT='o'
PACKAGE='sgp4'
PACKAGE_BUGREPORT='info@danrw.com'
PACKAGE_NAME='sgp4'
PACKAGE_STRING='sgp4 1.0'
PACKAGE_TARNAME='sgp4'
PACKAGE_URL=''
PACKAGE_VERSION='1.0'
PATH_SEPARATOR=':'
RANLIB='ranlib'
SET_MAKE=''
SHELL='/bin/bash'
STRIP=''
VERSION='1.0'
ac_ct_CC='gcc'
ac_ct_CXX='g++'
am__EXEEXT_FALSE=''
am__EXEEXT_TRUE='#'
am__fastdepCC_FALSE='#'
am__fastdepCC_TRUE=''
am__fastdepCXX_FALSE='#'
am__fastdepCXX_TRUE=''
am__include='include'
am__isrc=''
am__leading_dot='.'
am__nodep='_no'
am__quote=''
am__tar='$${TAR-tar} chof - "$$tardir"'
am__untar='$${TAR-tar} xf -'
bindir='${exec_prefix}/bin'
build_alias=''
datadir='${datarootdir}'
datarootdir='${prefix}/share'
docdir='${datarootdir}/doc/${PACKAGE_TARNAME}'
dvidir='${docdir}'
exec_prefix='${prefix}'
host_alias=''
htmldir='${docdir}'
includedir='${prefix}/include'
infodir='${datarootdir}/info'
install_sh='${SHELL} /home/anoved/Documents/Ground-Track-Generator/Libraries/sgp4-94c5f78b9e40/install-sh'
libdir='${exec_prefix}/lib'
libexecdir='${exec_prefix}/libexec'
localedir='${datarootdir}/locale'
localstatedir='${prefix}/var'
mandir='${datarootdir}/man'
mkdir_p='/bin/mkdir -p'
oldincludedir='/usr/include'
pdfdir='${docdir}'
prefix='/usr/local'
program_transform_name='s,x,x,'
psdir='${docdir}'
sbindir='${exec_prefix}/sbin'
sharedstatedir='${prefix}/com'
sysconfdir='${prefix}/etc'
target_alias=''

## ----------- ##
## confdefs.h. ##
## ----------- ##

/* confdefs.h */
#define PACKAGE_NAME "sgp4"
#define PACKAGE_TARNAME "sgp4"
#define PACKAGE_VERSION "1.0"
#define PACKAGE_STRING "sgp4 1.0"
#define PACKAGE_BUGREPORT "info@danrw.com"
#define PACKAGE_URL ""
#define PACKAGE "sgp4"
#define VERSION "1.0"
#define HAVE_CLOCK_GETTIME 1

configure: exit 0

## ---------------------- ##
## Running config.status. ##
## ---------------------- ##

This file was extended by sgp4 config.status 1.0, which was
generated by GNU Autoconf 2.69.  Invocation command line was

  CONFIG_FILES    = 
  CONFIG_HEADERS  = 
  CONFIG_LINKS    = 
  CONFIG_COMMANDS = 
  $ ./config.status 

on RELAY

config.status:784: creating Makefile
config.status:784: creating libsgp4/Makefile
config.status:784: creating passpredict/Makefile
config.status:784: creating runtest/Makefile
config.status:784: creating sattrack/Makefile
config.status:956: executing depfiles commands

## ---------------------- ##
## Running config.status. ##
## ---------------------- ##

This file was extended by sgp4 config.status 1.0, which was
generated by GNU Autoconf 2.69.  Invocation command line was

  CONFIG_FILES    = 
  CONFIG_HEADERS  = 
  CONFIG_LINKS    = 
  CONFIG_COMMANDS = 
  $ ./config.status Makefile

on RELAY

config.status:784: creating Makefile

## ---------------------- ##
## Running config.status. ##
## ---------------------- ##

This file was extended by sgp4 config.status 1.0, which was
generated by GNU Autoconf 2.69.  Invocation command line was

  CONFIG_FILES    = 
  CONFIG_HEADERS  = 
  CONFIG_LINKS    = 
  CONFIG_COMMANDS = 
  $ ./config.status passpredict/Makefile depfiles

on RELAY

config.status:784: creating passpredict/Makefile
config.status:956: executing depfiles commands

## ---------------------- ##
## Running config.status. ##
## ---------------------- ##

This file was extended by sgp4 config.status 1.0, which was
generated by GNU Autoconf 2.69.  Invocation command line was

  CONFIG_FILES    = 
  CONFIG_HEADERS  = 
  CONFIG_LINKS    = 
  CONFIG_COMMANDS = 
  $ ./config.status runtest/Makefile depfiles

on RELAY

config.status:784: creating runtest/Makefile
config.status:956: executing depfiles commands

## ---------------------- ##
## Running config.status. ##
## ---------------------- ##

This file was extended by sgp4 config.status 1.0, which was
generated by GNU Autoconf 2.69.  Invocation command line was

  CONFIG_FILES    = 
  CONFIG_HEADERS  = 
  CONFIG_LINKS    = 
  CONFIG_COMMANDS = 
  $ ./config.status sattrack/Makefile depfiles

on RELAY

config.status:784: creating sattrack/Makefile
config.status:956: executing depfiles commands

## ---------------------- ##
## Running config.status. ##
## ---------------------- ##

This file was extended by sgp4 config.status 1.0, which was
generated by GNU Autoconf 2.69.  Invocation command line was

  CONFIG_FILES    = 
  CONFIG_HEADERS  = 
  CONFIG_LINKS    = 
  CONFIG_COMMANDS = 
  $ ./config.status libsgp4/Makefile depfiles

on RELAY

config.status:784: creating libsgp4/Makefile
config.status:956: executing depfiles commands
